<?xml version="1.0" encoding="UTF-8"?>
<!-- Generated by org.testng.reporters.JUnitReportReporter -->
<testsuite hostname="MSI" failures="0" tests="5" name="runner.TestRunner" time="30.753" errors="0" timestamp="2021-07-04T06:32:34 IST" skipped="0">
  <testcase classname="runner.TestRunner" name="runScenario" time="2.560"/>
  <system-out/>
  <testcase classname="runner.TestRunner" name="runScenario" time="4.684"/>
  <system-out/>
  <testcase classname="runner.TestRunner" name="runScenario" time="19.270"/>
  <system-out/>
  <testcase classname="runner.TestRunner" name="runScenario" time="2.735"/>
  <system-out/>
  <testcase classname="runner.TestRunner" name="runScenario" time="1.504"/>
  <system-out/>
</testsuite> <!-- runner.TestRunner -->
