<?xml version="1.0" encoding="UTF-8"?>
<!-- Generated by org.testng.reporters.JUnitReportReporter -->
<testsuite hostname="MSI" failures="0" tests="5" name="runner.TestRunner" time="29.220" errors="0" timestamp="2021-07-04T07:03:03 IST" skipped="0">
  <testcase classname="runner.TestRunner" name="runScenario" time="4.684"/>
  <system-out/>
  <testcase classname="runner.TestRunner" name="runScenario" time="1.206"/>
  <system-out/>
  <testcase classname="runner.TestRunner" name="runScenario" time="17.786"/>
  <system-out/>
  <testcase classname="runner.TestRunner" name="runScenario" time="2.565"/>
  <system-out/>
  <testcase classname="runner.TestRunner" name="runScenario" time="2.979"/>
  <system-out/>
</testsuite> <!-- runner.TestRunner -->
